This file contains any messages produced by compilers while
running configure, to aid debugging if configure makes a mistake.

It was created by logkeys configure 0.1.1b-svn, which was
generated by GNU Autoconf 2.68.  Invocation command line was

  $ ./configure --no-create --no-recursion

## --------- ##
## Platform. ##
## --------- ##

hostname = ennius
uname -m = x86_64
uname -r = 3.8.0-39-generic
uname -s = Linux
uname -v = #58~precise1-Ubuntu SMP Fri May 2 21:33:40 UTC 2014

/usr/bin/uname -p = unknown
/bin/uname -X     = unknown

/bin/arch              = unknown
/usr/bin/arch -k       = unknown
/usr/convex/getsysinfo = unknown
/usr/bin/hostinfo      = unknown
/bin/machine           = unknown
/usr/bin/oslevel       = unknown
/bin/universe          = unknown

PATH: /home/jchae/.rvm/gems/ruby-2.1.0/bin
PATH: /home/jchae/.rvm/gems/ruby-2.1.0@global/bin
PATH: /home/jchae/.rvm/rubies/ruby-2.1.0/bin
PATH: /home/jchae/bin
PATH: /usr/lib/lightdm/lightdm
PATH: /usr/local/sbin
PATH: /usr/local/bin
PATH: /usr/sbin
PATH: /usr/bin
PATH: /sbin
PATH: /bin
PATH: /usr/games
PATH: /home/jchae/.rvm/bin
PATH: /home/jchae/elixir
PATH: /home/jchae/bin


## ----------- ##
## Core tests. ##
## ----------- ##

configure:2222: checking for a BSD-compatible install
configure:2290: result: /usr/bin/install -c
configure:2301: checking whether build environment is sane
configure:2351: result: yes
configure:2492: checking for a thread-safe mkdir -p
configure:2531: result: /bin/mkdir -p
configure:2544: checking for gawk
configure:2560: found /usr/bin/gawk
configure:2571: result: gawk
configure:2582: checking whether make sets $(MAKE)
configure:2604: result: yes
configure:2747: checking for g++
configure:2763: found /usr/bin/g++
configure:2774: result: g++
configure:2801: checking for C++ compiler version
configure:2810: g++ --version >&5
g++ (Ubuntu/Linaro 4.6.3-1ubuntu5) 4.6.3
Copyright (C) 2011 Free Software Foundation, Inc.
This is free software; see the source for copying conditions.  There is NO
warranty; not even for MERCHANTABILITY or FITNESS FOR A PARTICULAR PURPOSE.

configure:2821: $? = 0
configure:2810: g++ -v >&5
Using built-in specs.
COLLECT_GCC=g++
COLLECT_LTO_WRAPPER=/usr/lib/gcc/x86_64-linux-gnu/4.6/lto-wrapper
Target: x86_64-linux-gnu
Configured with: ../src/configure -v --with-pkgversion='Ubuntu/Linaro 4.6.3-1ubuntu5' --with-bugurl=file:///usr/share/doc/gcc-4.6/README.Bugs --enable-languages=c,c++,fortran,objc,obj-c++ --prefix=/usr --program-suffix=-4.6 --enable-shared --enable-linker-build-id --with-system-zlib --libexecdir=/usr/lib --without-included-gettext --enable-threads=posix --with-gxx-include-dir=/usr/include/c++/4.6 --libdir=/usr/lib --enable-nls --with-sysroot=/ --enable-clocale=gnu --enable-libstdcxx-debug --enable-libstdcxx-time=yes --enable-gnu-unique-object --enable-plugin --enable-objc-gc --disable-werror --with-arch-32=i686 --with-tune=generic --enable-checking=release --build=x86_64-linux-gnu --host=x86_64-linux-gnu --target=x86_64-linux-gnu
Thread model: posix
gcc version 4.6.3 (Ubuntu/Linaro 4.6.3-1ubuntu5) 
configure:2821: $? = 0
configure:2810: g++ -V >&5
g++: error: unrecognized option '-V'
g++: fatal error: no input files
compilation terminated.
configure:2821: $? = 4
configure:2810: g++ -qversion >&5
g++: error: unrecognized option '-qversion'
g++: fatal error: no input files
compilation terminated.
configure:2821: $? = 4
configure:2841: checking whether the C++ compiler works
configure:2863: g++    conftest.cpp  >&5
configure:2867: $? = 0
configure:2915: result: yes
configure:2918: checking for C++ compiler default output file name
configure:2920: result: a.out
configure:2926: checking for suffix of executables
configure:2933: g++ -o conftest    conftest.cpp  >&5
configure:2937: $? = 0
configure:2959: result: 
configure:2981: checking whether we are cross compiling
configure:2989: g++ -o conftest    conftest.cpp  >&5
configure:2993: $? = 0
configure:3000: ./conftest
configure:3004: $? = 0
configure:3019: result: no
configure:3024: checking for suffix of object files
configure:3046: g++ -c   conftest.cpp >&5
configure:3050: $? = 0
configure:3071: result: o
configure:3075: checking whether we are using the GNU C++ compiler
configure:3094: g++ -c   conftest.cpp >&5
configure:3094: $? = 0
configure:3103: result: yes
configure:3112: checking whether g++ accepts -g
configure:3132: g++ -c -g  conftest.cpp >&5
configure:3132: $? = 0
configure:3173: result: yes
configure:3207: checking for style of include used by make
configure:3235: result: GNU
configure:3261: checking dependency style of g++
configure:3372: result: gcc3
configure:3388: checking whether make sets $(MAKE)
configure:3410: result: yes
configure:3430: checking for which
configure:3446: found /usr/bin/which
configure:3458: result: yes
configure:3472: checking for grep
configure:3488: found /bin/grep
configure:3500: result: yes
configure:3519: checking for ps
configure:3535: found /bin/ps
configure:3547: result: yes
configure:3566: checking for dumpkeys
configure:3582: found /usr/bin/dumpkeys
configure:3594: result: yes
configure:3613: checking for /dev/input
configure:3626: result: yes
configure:3635: checking for /proc/bus/input/devices
configure:3648: result: yes
configure:3666: checking how to run the C++ preprocessor
configure:3693: g++ -E  conftest.cpp
configure:3693: $? = 0
configure:3707: g++ -E  conftest.cpp
conftest.cpp:14:28: fatal error: ac_nonexistent.h: No such file or directory
compilation terminated.
configure:3707: $? = 1
configure: failed program was:
| /* confdefs.h */
| #define PACKAGE_NAME "logkeys"
| #define PACKAGE_TARNAME "logkeys"
| #define PACKAGE_VERSION "0.1.1b-svn"
| #define PACKAGE_STRING "logkeys 0.1.1b-svn"
| #define PACKAGE_BUGREPORT "kerncece+logkeys@gmail.com"
| #define PACKAGE_URL "http://code.google.com/p/logkeys/"
| #define PACKAGE "logkeys"
| #define VERSION "0.1.1b-svn"
| #define EXE_GREP "/bin/grep"
| #define EXE_PS "/bin/ps"
| #define EXE_DUMPKEYS "/usr/bin/dumpkeys"
| /* end confdefs.h.  */
| #include <ac_nonexistent.h>
configure:3732: result: g++ -E
configure:3752: g++ -E  conftest.cpp
configure:3752: $? = 0
configure:3766: g++ -E  conftest.cpp
conftest.cpp:14:28: fatal error: ac_nonexistent.h: No such file or directory
compilation terminated.
configure:3766: $? = 1
configure: failed program was:
| /* confdefs.h */
| #define PACKAGE_NAME "logkeys"
| #define PACKAGE_TARNAME "logkeys"
| #define PACKAGE_VERSION "0.1.1b-svn"
| #define PACKAGE_STRING "logkeys 0.1.1b-svn"
| #define PACKAGE_BUGREPORT "kerncece+logkeys@gmail.com"
| #define PACKAGE_URL "http://code.google.com/p/logkeys/"
| #define PACKAGE "logkeys"
| #define VERSION "0.1.1b-svn"
| #define EXE_GREP "/bin/grep"
| #define EXE_PS "/bin/ps"
| #define EXE_DUMPKEYS "/usr/bin/dumpkeys"
| /* end confdefs.h.  */
| #include <ac_nonexistent.h>
configure:3795: checking for grep that handles long lines and -e
configure:3853: result: /bin/grep
configure:3858: checking for egrep
configure:3920: result: /bin/grep -E
configure:3925: checking for ANSI C header files
configure:3945: g++ -c -g -O2  conftest.cpp >&5
configure:3945: $? = 0
configure:4018: g++ -o conftest -g -O2   conftest.cpp  >&5
configure:4018: $? = 0
configure:4018: ./conftest
configure:4018: $? = 0
configure:4029: result: yes
configure:4042: checking for sys/types.h
configure:4042: g++ -c -g -O2  conftest.cpp >&5
configure:4042: $? = 0
configure:4042: result: yes
configure:4042: checking for sys/stat.h
configure:4042: g++ -c -g -O2  conftest.cpp >&5
configure:4042: $? = 0
configure:4042: result: yes
configure:4042: checking for stdlib.h
configure:4042: g++ -c -g -O2  conftest.cpp >&5
configure:4042: $? = 0
configure:4042: result: yes
configure:4042: checking for string.h
configure:4042: g++ -c -g -O2  conftest.cpp >&5
configure:4042: $? = 0
configure:4042: result: yes
configure:4042: checking for memory.h
configure:4042: g++ -c -g -O2  conftest.cpp >&5
configure:4042: $? = 0
configure:4042: result: yes
configure:4042: checking for strings.h
configure:4042: g++ -c -g -O2  conftest.cpp >&5
configure:4042: $? = 0
configure:4042: result: yes
configure:4042: checking for inttypes.h
configure:4042: g++ -c -g -O2  conftest.cpp >&5
configure:4042: $? = 0
configure:4042: result: yes
configure:4042: checking for stdint.h
configure:4042: g++ -c -g -O2  conftest.cpp >&5
configure:4042: $? = 0
configure:4042: result: yes
configure:4042: checking for unistd.h
configure:4042: g++ -c -g -O2  conftest.cpp >&5
configure:4042: $? = 0
configure:4042: result: yes
configure:4057: checking cstdio usability
configure:4057: g++ -c -g -O2  conftest.cpp >&5
configure:4057: $? = 0
configure:4057: result: yes
configure:4057: checking cstdio presence
configure:4057: g++ -E  conftest.cpp
configure:4057: $? = 0
configure:4057: result: yes
configure:4057: checking for cstdio
configure:4057: result: yes
configure:4057: checking cerrno usability
configure:4057: g++ -c -g -O2  conftest.cpp >&5
configure:4057: $? = 0
configure:4057: result: yes
configure:4057: checking cerrno presence
configure:4057: g++ -E  conftest.cpp
configure:4057: $? = 0
configure:4057: result: yes
configure:4057: checking for cerrno
configure:4057: result: yes
configure:4057: checking cwchar usability
configure:4057: g++ -c -g -O2  conftest.cpp >&5
configure:4057: $? = 0
configure:4057: result: yes
configure:4057: checking cwchar presence
configure:4057: g++ -E  conftest.cpp
configure:4057: $? = 0
configure:4057: result: yes
configure:4057: checking for cwchar
configure:4057: result: yes
configure:4057: checking cstring usability
configure:4057: g++ -c -g -O2  conftest.cpp >&5
configure:4057: $? = 0
configure:4057: result: yes
configure:4057: checking cstring presence
configure:4057: g++ -E  conftest.cpp
configure:4057: $? = 0
configure:4057: result: yes
configure:4057: checking for cstring
configure:4057: result: yes
configure:4057: checking cassert usability
configure:4057: g++ -c -g -O2  conftest.cpp >&5
configure:4057: $? = 0
configure:4057: result: yes
configure:4057: checking cassert presence
configure:4057: g++ -E  conftest.cpp
configure:4057: $? = 0
configure:4057: result: yes
configure:4057: checking for cassert
configure:4057: result: yes
configure:4057: checking sstream usability
configure:4057: g++ -c -g -O2  conftest.cpp >&5
configure:4057: $? = 0
configure:4057: result: yes
configure:4057: checking sstream presence
configure:4057: g++ -E  conftest.cpp
configure:4057: $? = 0
configure:4057: result: yes
configure:4057: checking for sstream
configure:4057: result: yes
configure:4057: checking cstdlib usability
configure:4057: g++ -c -g -O2  conftest.cpp >&5
configure:4057: $? = 0
configure:4057: result: yes
configure:4057: checking cstdlib presence
configure:4057: g++ -E  conftest.cpp
configure:4057: $? = 0
configure:4057: result: yes
configure:4057: checking for cstdlib
configure:4057: result: yes
configure:4057: checking csignal usability
configure:4057: g++ -c -g -O2  conftest.cpp >&5
configure:4057: $? = 0
configure:4057: result: yes
configure:4057: checking csignal presence
configure:4057: g++ -E  conftest.cpp
configure:4057: $? = 0
configure:4057: result: yes
configure:4057: checking for csignal
configure:4057: result: yes
configure:4057: checking error.h usability
configure:4057: g++ -c -g -O2  conftest.cpp >&5
configure:4057: $? = 0
configure:4057: result: yes
configure:4057: checking error.h presence
configure:4057: g++ -E  conftest.cpp
configure:4057: $? = 0
configure:4057: result: yes
configure:4057: checking for error.h
configure:4057: result: yes
configure:4057: checking for unistd.h
configure:4057: result: yes
configure:4057: checking getopt.h usability
configure:4057: g++ -c -g -O2  conftest.cpp >&5
configure:4057: $? = 0
configure:4057: result: yes
configure:4057: checking getopt.h presence
configure:4057: g++ -E  conftest.cpp
configure:4057: $? = 0
configure:4057: result: yes
configure:4057: checking for getopt.h
configure:4057: result: yes
configure:4057: checking sys/file.h usability
configure:4057: g++ -c -g -O2  conftest.cpp >&5
configure:4057: $? = 0
configure:4057: result: yes
configure:4057: checking sys/file.h presence
configure:4057: g++ -E  conftest.cpp
configure:4057: $? = 0
configure:4057: result: yes
configure:4057: checking for sys/file.h
configure:4057: result: yes
configure:4057: checking for sys/stat.h
configure:4057: result: yes
configure:4057: checking linux/input.h usability
configure:4057: g++ -c -g -O2  conftest.cpp >&5
configure:4057: $? = 0
configure:4057: result: yes
configure:4057: checking linux/input.h presence
configure:4057: g++ -E  conftest.cpp
configure:4057: $? = 0
configure:4057: result: yes
configure:4057: checking for linux/input.h
configure:4057: result: yes
configure:4073: checking for stdbool.h that conforms to C99
configure:4140: g++ -c -g -O2  conftest.cpp >&5
configure:4140: $? = 0
configure:4147: result: yes
configure:4149: checking for _Bool
configure:4149: g++ -c -g -O2  conftest.cpp >&5
conftest.cpp: In function 'int main()':
conftest.cpp:74:13: error: '_Bool' was not declared in this scope
configure:4149: $? = 1
configure: failed program was:
| /* confdefs.h */
| #define PACKAGE_NAME "logkeys"
| #define PACKAGE_TARNAME "logkeys"
| #define PACKAGE_VERSION "0.1.1b-svn"
| #define PACKAGE_STRING "logkeys 0.1.1b-svn"
| #define PACKAGE_BUGREPORT "kerncece+logkeys@gmail.com"
| #define PACKAGE_URL "http://code.google.com/p/logkeys/"
| #define PACKAGE "logkeys"
| #define VERSION "0.1.1b-svn"
| #define EXE_GREP "/bin/grep"
| #define EXE_PS "/bin/ps"
| #define EXE_DUMPKEYS "/usr/bin/dumpkeys"
| #define STDC_HEADERS 1
| #define HAVE_SYS_TYPES_H 1
| #define HAVE_SYS_STAT_H 1
| #define HAVE_STDLIB_H 1
| #define HAVE_STRING_H 1
| #define HAVE_MEMORY_H 1
| #define HAVE_STRINGS_H 1
| #define HAVE_INTTYPES_H 1
| #define HAVE_STDINT_H 1
| #define HAVE_UNISTD_H 1
| #define HAVE_CSTDIO 1
| #define HAVE_CERRNO 1
| #define HAVE_CWCHAR 1
| #define HAVE_CSTRING 1
| #define HAVE_CASSERT 1
| #define HAVE_SSTREAM 1
| #define HAVE_CSTDLIB 1
| #define HAVE_CSIGNAL 1
| #define HAVE_ERROR_H 1
| #define HAVE_UNISTD_H 1
| #define HAVE_GETOPT_H 1
| #define HAVE_SYS_FILE_H 1
| #define HAVE_SYS_STAT_H 1
| #define HAVE_LINUX_INPUT_H 1
| /* end confdefs.h.  */
| #include <stdio.h>
| #ifdef HAVE_SYS_TYPES_H
| # include <sys/types.h>
| #endif
| #ifdef HAVE_SYS_STAT_H
| # include <sys/stat.h>
| #endif
| #ifdef STDC_HEADERS
| # include <stdlib.h>
| # include <stddef.h>
| #else
| # ifdef HAVE_STDLIB_H
| #  include <stdlib.h>
| # endif
| #endif
| #ifdef HAVE_STRING_H
| # if !defined STDC_HEADERS && defined HAVE_MEMORY_H
| #  include <memory.h>
| # endif
| # include <string.h>
| #endif
| #ifdef HAVE_STRINGS_H
| # include <strings.h>
| #endif
| #ifdef HAVE_INTTYPES_H
| # include <inttypes.h>
| #endif
| #ifdef HAVE_STDINT_H
| # include <stdint.h>
| #endif
| #ifdef HAVE_UNISTD_H
| # include <unistd.h>
| #endif
| int
| main ()
| {
| if (sizeof (_Bool))
| 	 return 0;
|   ;
|   return 0;
| }
configure:4149: result: no
configure:4165: checking for inline
configure:4181: g++ -c -g -O2  conftest.cpp >&5
configure:4181: $? = 0
configure:4189: result: inline
configure:4207: checking for pid_t
configure:4207: g++ -c -g -O2  conftest.cpp >&5
configure:4207: $? = 0
configure:4207: g++ -c -g -O2  conftest.cpp >&5
conftest.cpp: In function 'int main()':
conftest.cpp:75:19: error: expected primary-expression before ')' token
configure:4207: $? = 1
configure: failed program was:
| /* confdefs.h */
| #define PACKAGE_NAME "logkeys"
| #define PACKAGE_TARNAME "logkeys"
| #define PACKAGE_VERSION "0.1.1b-svn"
| #define PACKAGE_STRING "logkeys 0.1.1b-svn"
| #define PACKAGE_BUGREPORT "kerncece+logkeys@gmail.com"
| #define PACKAGE_URL "http://code.google.com/p/logkeys/"
| #define PACKAGE "logkeys"
| #define VERSION "0.1.1b-svn"
| #define EXE_GREP "/bin/grep"
| #define EXE_PS "/bin/ps"
| #define EXE_DUMPKEYS "/usr/bin/dumpkeys"
| #define STDC_HEADERS 1
| #define HAVE_SYS_TYPES_H 1
| #define HAVE_SYS_STAT_H 1
| #define HAVE_STDLIB_H 1
| #define HAVE_STRING_H 1
| #define HAVE_MEMORY_H 1
| #define HAVE_STRINGS_H 1
| #define HAVE_INTTYPES_H 1
| #define HAVE_STDINT_H 1
| #define HAVE_UNISTD_H 1
| #define HAVE_CSTDIO 1
| #define HAVE_CERRNO 1
| #define HAVE_CWCHAR 1
| #define HAVE_CSTRING 1
| #define HAVE_CASSERT 1
| #define HAVE_SSTREAM 1
| #define HAVE_CSTDLIB 1
| #define HAVE_CSIGNAL 1
| #define HAVE_ERROR_H 1
| #define HAVE_UNISTD_H 1
| #define HAVE_GETOPT_H 1
| #define HAVE_SYS_FILE_H 1
| #define HAVE_SYS_STAT_H 1
| #define HAVE_LINUX_INPUT_H 1
| #define HAVE_STDBOOL_H 1
| /* end confdefs.h.  */
| #include <stdio.h>
| #ifdef HAVE_SYS_TYPES_H
| # include <sys/types.h>
| #endif
| #ifdef HAVE_SYS_STAT_H
| # include <sys/stat.h>
| #endif
| #ifdef STDC_HEADERS
| # include <stdlib.h>
| # include <stddef.h>
| #else
| # ifdef HAVE_STDLIB_H
| #  include <stdlib.h>
| # endif
| #endif
| #ifdef HAVE_STRING_H
| # if !defined STDC_HEADERS && defined HAVE_MEMORY_H
| #  include <memory.h>
| # endif
| # include <string.h>
| #endif
| #ifdef HAVE_STRINGS_H
| # include <strings.h>
| #endif
| #ifdef HAVE_INTTYPES_H
| # include <inttypes.h>
| #endif
| #ifdef HAVE_STDINT_H
| # include <stdint.h>
| #endif
| #ifdef HAVE_UNISTD_H
| # include <unistd.h>
| #endif
| int
| main ()
| {
| if (sizeof ((pid_t)))
| 	    return 0;
|   ;
|   return 0;
| }
configure:4207: result: yes
configure:4218: checking for size_t
configure:4218: g++ -c -g -O2  conftest.cpp >&5
configure:4218: $? = 0
configure:4218: g++ -c -g -O2  conftest.cpp >&5
conftest.cpp: In function 'int main()':
conftest.cpp:75:20: error: expected primary-expression before ')' token
configure:4218: $? = 1
configure: failed program was:
| /* confdefs.h */
| #define PACKAGE_NAME "logkeys"
| #define PACKAGE_TARNAME "logkeys"
| #define PACKAGE_VERSION "0.1.1b-svn"
| #define PACKAGE_STRING "logkeys 0.1.1b-svn"
| #define PACKAGE_BUGREPORT "kerncece+logkeys@gmail.com"
| #define PACKAGE_URL "http://code.google.com/p/logkeys/"
| #define PACKAGE "logkeys"
| #define VERSION "0.1.1b-svn"
| #define EXE_GREP "/bin/grep"
| #define EXE_PS "/bin/ps"
| #define EXE_DUMPKEYS "/usr/bin/dumpkeys"
| #define STDC_HEADERS 1
| #define HAVE_SYS_TYPES_H 1
| #define HAVE_SYS_STAT_H 1
| #define HAVE_STDLIB_H 1
| #define HAVE_STRING_H 1
| #define HAVE_MEMORY_H 1
| #define HAVE_STRINGS_H 1
| #define HAVE_INTTYPES_H 1
| #define HAVE_STDINT_H 1
| #define HAVE_UNISTD_H 1
| #define HAVE_CSTDIO 1
| #define HAVE_CERRNO 1
| #define HAVE_CWCHAR 1
| #define HAVE_CSTRING 1
| #define HAVE_CASSERT 1
| #define HAVE_SSTREAM 1
| #define HAVE_CSTDLIB 1
| #define HAVE_CSIGNAL 1
| #define HAVE_ERROR_H 1
| #define HAVE_UNISTD_H 1
| #define HAVE_GETOPT_H 1
| #define HAVE_SYS_FILE_H 1
| #define HAVE_SYS_STAT_H 1
| #define HAVE_LINUX_INPUT_H 1
| #define HAVE_STDBOOL_H 1
| /* end confdefs.h.  */
| #include <stdio.h>
| #ifdef HAVE_SYS_TYPES_H
| # include <sys/types.h>
| #endif
| #ifdef HAVE_SYS_STAT_H
| # include <sys/stat.h>
| #endif
| #ifdef STDC_HEADERS
| # include <stdlib.h>
| # include <stddef.h>
| #else
| # ifdef HAVE_STDLIB_H
| #  include <stdlib.h>
| # endif
| #endif
| #ifdef HAVE_STRING_H
| # if !defined STDC_HEADERS && defined HAVE_MEMORY_H
| #  include <memory.h>
| # endif
| # include <string.h>
| #endif
| #ifdef HAVE_STRINGS_H
| # include <strings.h>
| #endif
| #ifdef HAVE_INTTYPES_H
| # include <inttypes.h>
| #endif
| #ifdef HAVE_STDINT_H
| # include <stdint.h>
| #endif
| #ifdef HAVE_UNISTD_H
| # include <unistd.h>
| #endif
| int
| main ()
| {
| if (sizeof ((size_t)))
| 	    return 0;
|   ;
|   return 0;
| }
configure:4218: result: yes
configure:4232: checking for error_at_line
configure:4248: g++ -o conftest -g -O2   conftest.cpp  >&5
configure:4248: $? = 0
configure:4256: result: yes
configure:4269: checking vfork.h usability
configure:4269: g++ -c -g -O2  conftest.cpp >&5
conftest.cpp:72:19: fatal error: vfork.h: No such file or directory
compilation terminated.
configure:4269: $? = 1
configure: failed program was:
| /* confdefs.h */
| #define PACKAGE_NAME "logkeys"
| #define PACKAGE_TARNAME "logkeys"
| #define PACKAGE_VERSION "0.1.1b-svn"
| #define PACKAGE_STRING "logkeys 0.1.1b-svn"
| #define PACKAGE_BUGREPORT "kerncece+logkeys@gmail.com"
| #define PACKAGE_URL "http://code.google.com/p/logkeys/"
| #define PACKAGE "logkeys"
| #define VERSION "0.1.1b-svn"
| #define EXE_GREP "/bin/grep"
| #define EXE_PS "/bin/ps"
| #define EXE_DUMPKEYS "/usr/bin/dumpkeys"
| #define STDC_HEADERS 1
| #define HAVE_SYS_TYPES_H 1
| #define HAVE_SYS_STAT_H 1
| #define HAVE_STDLIB_H 1
| #define HAVE_STRING_H 1
| #define HAVE_MEMORY_H 1
| #define HAVE_STRINGS_H 1
| #define HAVE_INTTYPES_H 1
| #define HAVE_STDINT_H 1
| #define HAVE_UNISTD_H 1
| #define HAVE_CSTDIO 1
| #define HAVE_CERRNO 1
| #define HAVE_CWCHAR 1
| #define HAVE_CSTRING 1
| #define HAVE_CASSERT 1
| #define HAVE_SSTREAM 1
| #define HAVE_CSTDLIB 1
| #define HAVE_CSIGNAL 1
| #define HAVE_ERROR_H 1
| #define HAVE_UNISTD_H 1
| #define HAVE_GETOPT_H 1
| #define HAVE_SYS_FILE_H 1
| #define HAVE_SYS_STAT_H 1
| #define HAVE_LINUX_INPUT_H 1
| #define HAVE_STDBOOL_H 1
| /* end confdefs.h.  */
| #include <stdio.h>
| #ifdef HAVE_SYS_TYPES_H
| # include <sys/types.h>
| #endif
| #ifdef HAVE_SYS_STAT_H
| # include <sys/stat.h>
| #endif
| #ifdef STDC_HEADERS
| # include <stdlib.h>
| # include <stddef.h>
| #else
| # ifdef HAVE_STDLIB_H
| #  include <stdlib.h>
| # endif
| #endif
| #ifdef HAVE_STRING_H
| # if !defined STDC_HEADERS && defined HAVE_MEMORY_H
| #  include <memory.h>
| # endif
| # include <string.h>
| #endif
| #ifdef HAVE_STRINGS_H
| # include <strings.h>
| #endif
| #ifdef HAVE_INTTYPES_H
| # include <inttypes.h>
| #endif
| #ifdef HAVE_STDINT_H
| # include <stdint.h>
| #endif
| #ifdef HAVE_UNISTD_H
| # include <unistd.h>
| #endif
| #include <vfork.h>
configure:4269: result: no
configure:4269: checking vfork.h presence
configure:4269: g++ -E  conftest.cpp
conftest.cpp:39:19: fatal error: vfork.h: No such file or directory
compilation terminated.
configure:4269: $? = 1
configure: failed program was:
| /* confdefs.h */
| #define PACKAGE_NAME "logkeys"
| #define PACKAGE_TARNAME "logkeys"
| #define PACKAGE_VERSION "0.1.1b-svn"
| #define PACKAGE_STRING "logkeys 0.1.1b-svn"
| #define PACKAGE_BUGREPORT "kerncece+logkeys@gmail.com"
| #define PACKAGE_URL "http://code.google.com/p/logkeys/"
| #define PACKAGE "logkeys"
| #define VERSION "0.1.1b-svn"
| #define EXE_GREP "/bin/grep"
| #define EXE_PS "/bin/ps"
| #define EXE_DUMPKEYS "/usr/bin/dumpkeys"
| #define STDC_HEADERS 1
| #define HAVE_SYS_TYPES_H 1
| #define HAVE_SYS_STAT_H 1
| #define HAVE_STDLIB_H 1
| #define HAVE_STRING_H 1
| #define HAVE_MEMORY_H 1
| #define HAVE_STRINGS_H 1
| #define HAVE_INTTYPES_H 1
| #define HAVE_STDINT_H 1
| #define HAVE_UNISTD_H 1
| #define HAVE_CSTDIO 1
| #define HAVE_CERRNO 1
| #define HAVE_CWCHAR 1
| #define HAVE_CSTRING 1
| #define HAVE_CASSERT 1
| #define HAVE_SSTREAM 1
| #define HAVE_CSTDLIB 1
| #define HAVE_CSIGNAL 1
| #define HAVE_ERROR_H 1
| #define HAVE_UNISTD_H 1
| #define HAVE_GETOPT_H 1
| #define HAVE_SYS_FILE_H 1
| #define HAVE_SYS_STAT_H 1
| #define HAVE_LINUX_INPUT_H 1
| #define HAVE_STDBOOL_H 1
| /* end confdefs.h.  */
| #include <vfork.h>
configure:4269: result: no
configure:4269: checking for vfork.h
configure:4269: result: no
configure:4282: checking for fork
configure:4282: g++ -o conftest -g -O2   conftest.cpp  >&5
configure:4282: $? = 0
configure:4282: result: yes
configure:4282: checking for vfork
configure:4282: g++ -o conftest -g -O2   conftest.cpp  >&5
configure:4282: $? = 0
configure:4282: result: yes
configure:4292: checking for working fork
configure:4314: g++ -o conftest -g -O2   conftest.cpp  >&5
configure:4314: $? = 0
configure:4314: ./conftest
configure:4314: $? = 0
configure:4324: result: yes
configure:4345: checking for working vfork
configure:4455: result: yes
configure:4483: checking for geteuid
configure:4483: g++ -o conftest -g -O2   conftest.cpp  >&5
configure:4483: $? = 0
configure:4483: result: yes
configure:4483: checking for error
configure:4483: g++ -o conftest -g -O2   conftest.cpp  >&5
configure:4483: $? = 0
configure:4483: result: yes
configure:4483: checking for error_at_line
configure:4483: g++ -o conftest -g -O2   conftest.cpp  >&5
configure:4483: $? = 0
configure:4483: result: yes
configure:4483: checking for exit
configure:4483: g++ -o conftest -g -O2   conftest.cpp  >&5
configure:4483: $? = 0
configure:4483: result: yes
configure:4483: checking for on_exit
configure:4483: g++ -o conftest -g -O2   conftest.cpp  >&5
configure:4483: $? = 0
configure:4483: result: yes
configure:4483: checking for memset
configure:4483: g++ -o conftest -g -O2   conftest.cpp  >&5
configure:4483: $? = 0
configure:4483: result: yes
configure:4483: checking for setlocale
configure:4483: g++ -o conftest -g -O2   conftest.cpp  >&5
configure:4483: $? = 0
configure:4483: result: yes
configure:4483: checking for strerror
configure:4483: g++ -o conftest -g -O2   conftest.cpp  >&5
configure:4483: $? = 0
configure:4483: result: yes
configure:4483: checking for fprintf
configure:4483: g++ -o conftest -g -O2   conftest.cpp  >&5
configure:4483: $? = 0
configure:4483: result: yes
configure:4483: checking for getopt_long
configure:4483: g++ -o conftest -g -O2   conftest.cpp  >&5
configure:4483: $? = 0
configure:4483: result: yes
configure:4483: checking for fopen
configure:4483: g++ -o conftest -g -O2   conftest.cpp  >&5
configure:4483: $? = 0
configure:4483: result: yes
configure:4483: checking for sscanf
configure:4483: g++ -o conftest -g -O2   conftest.cpp  >&5
configure:4483: $? = 0
configure:4483: result: yes
configure:4483: checking for fscanf
configure:4483: g++ -o conftest -g -O2   conftest.cpp  >&5
configure:4483: $? = 0
configure:4483: result: yes
configure:4483: checking for getpid
configure:4483: g++ -o conftest -g -O2   conftest.cpp  >&5
configure:4483: $? = 0
configure:4483: result: yes
configure:4483: checking for getuid
configure:4483: g++ -o conftest -g -O2   conftest.cpp  >&5
configure:4483: $? = 0
configure:4483: result: yes
configure:4483: checking for getgid
configure:4483: g++ -o conftest -g -O2   conftest.cpp  >&5
configure:4483: $? = 0
configure:4483: result: yes
configure:4483: checking for fclose
configure:4483: g++ -o conftest -g -O2   conftest.cpp  >&5
configure:4483: $? = 0
configure:4483: result: yes
configure:4483: checking for remove
configure:4483: g++ -o conftest -g -O2   conftest.cpp  >&5
configure:4483: $? = 0
configure:4483: result: yes
configure:4483: checking for kill
configure:4483: g++ -o conftest -g -O2   conftest.cpp  >&5
configure:4483: $? = 0
configure:4483: result: yes
configure:4483: checking for strlen
configure:4483: g++ -o conftest -g -O2   conftest.cpp  >&5
configure:4483: $? = 0
configure:4483: result: yes
configure:4483: checking for strcat
configure:4483: g++ -o conftest -g -O2   conftest.cpp  >&5
configure:4483: $? = 0
configure:4483: result: yes
configure:4483: checking for strcpy
configure:4483: g++ -o conftest -g -O2   conftest.cpp  >&5
configure:4483: $? = 0
configure:4483: result: yes
configure:4483: checking for strncat
configure:4483: g++ -o conftest -g -O2   conftest.cpp  >&5
configure:4483: $? = 0
configure:4483: result: yes
configure:4483: checking for freopen
configure:4483: g++ -o conftest -g -O2   conftest.cpp  >&5
configure:4483: $? = 0
configure:4483: result: yes
configure:4483: checking for feof
configure:4483: g++ -o conftest -g -O2   conftest.cpp  >&5
configure:4483: $? = 0
configure:4483: result: yes
configure:4483: checking for fgets
configure:4483: g++ -o conftest -g -O2   conftest.cpp  >&5
configure:4483: $? = 0
configure:4483: result: yes
configure:4483: checking for atoi
configure:4483: g++ -o conftest -g -O2   conftest.cpp  >&5
configure:4483: $? = 0
configure:4483: result: yes
configure:4483: checking for sigaction
configure:4483: g++ -o conftest -g -O2   conftest.cpp  >&5
configure:4483: $? = 0
configure:4483: result: yes
configure:4483: checking for fork
configure:4483: result: yes
configure:4483: checking for setsid
configure:4483: g++ -o conftest -g -O2   conftest.cpp  >&5
configure:4483: $? = 0
configure:4483: result: yes
configure:4483: checking for open
configure:4483: g++ -o conftest -g -O2   conftest.cpp  >&5
configure:4483: $? = 0
configure:4483: result: yes
configure:4483: checking for close
configure:4483: g++ -o conftest -g -O2   conftest.cpp  >&5
configure:4483: $? = 0
configure:4483: result: yes
configure:4483: checking for flock
configure:4483: g++ -o conftest -g -O2   conftest.cpp  >&5
configure:4483: $? = 0
configure:4483: result: yes
configure:4483: checking for write
configure:4483: g++ -o conftest -g -O2   conftest.cpp  >&5
configure:4483: $? = 0
configure:4483: result: yes
configure:4483: checking for umask
configure:4483: g++ -o conftest -g -O2   conftest.cpp  >&5
configure:4483: $? = 0
configure:4483: result: yes
configure:4483: checking for setegid
configure:4483: g++ -o conftest -g -O2   conftest.cpp  >&5
configure:4483: $? = 0
configure:4483: result: yes
configure:4483: checking for seteuid
configure:4483: g++ -o conftest -g -O2   conftest.cpp  >&5
configure:4483: $? = 0
configure:4483: result: yes
configure:4483: checking for strftime
configure:4483: g++ -o conftest -g -O2   conftest.cpp  >&5
configure:4483: $? = 0
configure:4483: result: yes
configure:4483: checking for localtime
configure:4483: g++ -o conftest -g -O2   conftest.cpp  >&5
configure:4483: $? = 0
configure:4483: result: yes
configure:4483: checking for fflush
configure:4483: g++ -o conftest -g -O2   conftest.cpp  >&5
configure:4483: $? = 0
configure:4483: result: yes
configure:4483: checking for read
configure:4483: g++ -o conftest -g -O2   conftest.cpp  >&5
configure:4483: $? = 0
configure:4483: result: yes
configure:4483: checking for time
configure:4483: g++ -o conftest -g -O2   conftest.cpp  >&5
configure:4483: $? = 0
configure:4483: result: yes
configure:4483: checking for fgetws
configure:4483: g++ -o conftest -g -O2   conftest.cpp  >&5
configure:4483: $? = 0
configure:4483: result: yes
configure:4483: checking for wcslen
configure:4483: g++ -o conftest -g -O2   conftest.cpp  >&5
configure:4483: $? = 0
configure:4483: result: yes
configure:4483: checking for swscanf
configure:4483: g++ -o conftest -g -O2   conftest.cpp  >&5
configure:4483: $? = 0
configure:4483: result: yes
configure:4483: checking for wcscpy
configure:4483: g++ -o conftest -g -O2   conftest.cpp  >&5
configure:4483: $? = 0
configure:4483: result: yes
configure:4483: checking for popen
configure:4483: g++ -o conftest -g -O2   conftest.cpp  >&5
configure:4483: $? = 0
configure:4483: result: yes
configure:4483: checking for pclose
configure:4483: g++ -o conftest -g -O2   conftest.cpp  >&5
configure:4483: $? = 0
configure:4483: result: yes
configure:4628: creating ./config.status

## ---------------- ##
## Cache variables. ##
## ---------------- ##

ac_cv_c_inline=inline
ac_cv_cxx_compiler_gnu=yes
ac_cv_env_CCC_set=
ac_cv_env_CCC_value=
ac_cv_env_CPPFLAGS_set=
ac_cv_env_CPPFLAGS_value=
ac_cv_env_CXXCPP_set=
ac_cv_env_CXXCPP_value=
ac_cv_env_CXXFLAGS_set=
ac_cv_env_CXXFLAGS_value=
ac_cv_env_CXX_set=
ac_cv_env_CXX_value=
ac_cv_env_LDFLAGS_set=
ac_cv_env_LDFLAGS_value=
ac_cv_env_LIBS_set=
ac_cv_env_LIBS_value=
ac_cv_env_build_alias_set=
ac_cv_env_build_alias_value=
ac_cv_env_host_alias_set=
ac_cv_env_host_alias_value=
ac_cv_env_target_alias_set=
ac_cv_env_target_alias_value=
ac_cv_file__dev_input=yes
ac_cv_file__proc_bus_input_devices=yes
ac_cv_func_atoi=yes
ac_cv_func_close=yes
ac_cv_func_error=yes
ac_cv_func_error_at_line=yes
ac_cv_func_exit=yes
ac_cv_func_fclose=yes
ac_cv_func_feof=yes
ac_cv_func_fflush=yes
ac_cv_func_fgets=yes
ac_cv_func_fgetws=yes
ac_cv_func_flock=yes
ac_cv_func_fopen=yes
ac_cv_func_fork=yes
ac_cv_func_fork_works=yes
ac_cv_func_fprintf=yes
ac_cv_func_freopen=yes
ac_cv_func_fscanf=yes
ac_cv_func_geteuid=yes
ac_cv_func_getgid=yes
ac_cv_func_getopt_long=yes
ac_cv_func_getpid=yes
ac_cv_func_getuid=yes
ac_cv_func_kill=yes
ac_cv_func_localtime=yes
ac_cv_func_memset=yes
ac_cv_func_on_exit=yes
ac_cv_func_open=yes
ac_cv_func_pclose=yes
ac_cv_func_popen=yes
ac_cv_func_read=yes
ac_cv_func_remove=yes
ac_cv_func_setegid=yes
ac_cv_func_seteuid=yes
ac_cv_func_setlocale=yes
ac_cv_func_setsid=yes
ac_cv_func_sigaction=yes
ac_cv_func_sscanf=yes
ac_cv_func_strcat=yes
ac_cv_func_strcpy=yes
ac_cv_func_strerror=yes
ac_cv_func_strftime=yes
ac_cv_func_strlen=yes
ac_cv_func_strncat=yes
ac_cv_func_swscanf=yes
ac_cv_func_time=yes
ac_cv_func_umask=yes
ac_cv_func_vfork=yes
ac_cv_func_vfork_works=yes
ac_cv_func_wcscpy=yes
ac_cv_func_wcslen=yes
ac_cv_func_write=yes
ac_cv_header_cassert=yes
ac_cv_header_cerrno=yes
ac_cv_header_csignal=yes
ac_cv_header_cstdio=yes
ac_cv_header_cstdlib=yes
ac_cv_header_cstring=yes
ac_cv_header_cwchar=yes
ac_cv_header_error_h=yes
ac_cv_header_getopt_h=yes
ac_cv_header_inttypes_h=yes
ac_cv_header_linux_input_h=yes
ac_cv_header_memory_h=yes
ac_cv_header_sstream=yes
ac_cv_header_stdbool_h=yes
ac_cv_header_stdc=yes
ac_cv_header_stdint_h=yes
ac_cv_header_stdlib_h=yes
ac_cv_header_string_h=yes
ac_cv_header_strings_h=yes
ac_cv_header_sys_file_h=yes
ac_cv_header_sys_stat_h=yes
ac_cv_header_sys_types_h=yes
ac_cv_header_unistd_h=yes
ac_cv_header_vfork_h=no
ac_cv_lib_error_at_line=yes
ac_cv_objext=o
ac_cv_path_EGREP='/bin/grep -E'
ac_cv_path_GREP=/bin/grep
ac_cv_path_install='/usr/bin/install -c'
ac_cv_path_mkdir=/bin/mkdir
ac_cv_prog_AWK=gawk
ac_cv_prog_CXXCPP='g++ -E'
ac_cv_prog_FOUND_DUMPKEYS=yes
ac_cv_prog_FOUND_GREP=yes
ac_cv_prog_FOUND_PS=yes
ac_cv_prog_FOUND_WHICH=yes
ac_cv_prog_ac_ct_CXX=g++
ac_cv_prog_cxx_g=yes
ac_cv_prog_make_make_set=yes
ac_cv_type__Bool=no
ac_cv_type_pid_t=yes
ac_cv_type_size_t=yes
am_cv_CXX_dependencies_compiler_type=gcc3

## ----------------- ##
## Output variables. ##
## ----------------- ##

ACLOCAL='${SHELL} /home/jchae/logkeys/taen-logkeys/logkeys/missing --run aclocal-1.11'
AMDEPBACKSLASH='\'
AMDEP_FALSE='#'
AMDEP_TRUE=''
AMTAR='$${TAR-tar}'
AUTOCONF='${SHELL} /home/jchae/logkeys/taen-logkeys/logkeys/missing --run autoconf'
AUTOHEADER='${SHELL} /home/jchae/logkeys/taen-logkeys/logkeys/missing --run autoheader'
AUTOMAKE='${SHELL} /home/jchae/logkeys/taen-logkeys/logkeys/missing --run automake-1.11'
AWK='gawk'
CPPFLAGS=''
CXX='g++'
CXXCPP='g++ -E'
CXXDEPMODE='depmode=gcc3'
CXXFLAGS='-g -O2'
CYGPATH_W='echo'
DEFS='-DHAVE_CONFIG_H'
DEPDIR='.deps'
ECHO_C=''
ECHO_N='-n'
ECHO_T=''
EGREP='/bin/grep -E'
EXEEXT=''
FOUND_DUMPKEYS='yes'
FOUND_GREP='yes'
FOUND_PS='yes'
FOUND_WHICH='yes'
GREP='/bin/grep'
INSTALL_DATA='${INSTALL} -m 644'
INSTALL_PROGRAM='${INSTALL}'
INSTALL_SCRIPT='${INSTALL}'
INSTALL_STRIP_PROGRAM='$(install_sh) -c -s'
LDFLAGS=''
LIBOBJS=''
LIBS=''
LTLIBOBJS=''
MAKEINFO='${SHELL} /home/jchae/logkeys/taen-logkeys/logkeys/missing --run makeinfo'
MKDIR_P='/bin/mkdir -p'
OBJEXT='o'
PACKAGE='logkeys'
PACKAGE_BUGREPORT='kerncece+logkeys@gmail.com'
PACKAGE_NAME='logkeys'
PACKAGE_STRING='logkeys 0.1.1b-svn'
PACKAGE_TARNAME='logkeys'
PACKAGE_URL='http://code.google.com/p/logkeys/'
PACKAGE_VERSION='0.1.1b-svn'
PATH_SEPARATOR=':'
SET_MAKE=''
SHELL='/bin/bash'
STRIP=''
VERSION='0.1.1b-svn'
ac_ct_CXX='g++'
am__EXEEXT_FALSE=''
am__EXEEXT_TRUE='#'
am__fastdepCXX_FALSE='#'
am__fastdepCXX_TRUE=''
am__include='include'
am__isrc=''
am__leading_dot='.'
am__nodep='_no'
am__quote=''
am__tar='$${TAR-tar} chof - "$$tardir"'
am__untar='$${TAR-tar} xf -'
bindir='${exec_prefix}/bin'
build_alias=''
datadir='${datarootdir}'
datarootdir='${prefix}/share'
docdir='${datarootdir}/doc/${PACKAGE_TARNAME}'
dvidir='${docdir}'
exec_prefix='${prefix}'
host_alias=''
htmldir='${docdir}'
includedir='${prefix}/include'
infodir='${datarootdir}/info'
install_sh='${SHELL} /home/jchae/logkeys/taen-logkeys/logkeys/install-sh'
libdir='${exec_prefix}/lib'
libexecdir='${exec_prefix}/libexec'
localedir='${datarootdir}/locale'
localstatedir='${prefix}/var'
mandir='${datarootdir}/man'
mkdir_p='/bin/mkdir -p'
oldincludedir='/usr/include'
pdfdir='${docdir}'
prefix='/usr/local'
program_transform_name='s,x,x,'
psdir='${docdir}'
sbindir='${exec_prefix}/sbin'
sharedstatedir='${prefix}/com'
sysconfdir='${prefix}/etc'
target_alias=''

## ----------- ##
## confdefs.h. ##
## ----------- ##

/* confdefs.h */
#define PACKAGE_NAME "logkeys"
#define PACKAGE_TARNAME "logkeys"
#define PACKAGE_VERSION "0.1.1b-svn"
#define PACKAGE_STRING "logkeys 0.1.1b-svn"
#define PACKAGE_BUGREPORT "kerncece+logkeys@gmail.com"
#define PACKAGE_URL "http://code.google.com/p/logkeys/"
#define PACKAGE "logkeys"
#define VERSION "0.1.1b-svn"
#define EXE_GREP "/bin/grep"
#define EXE_PS "/bin/ps"
#define EXE_DUMPKEYS "/usr/bin/dumpkeys"
#define STDC_HEADERS 1
#define HAVE_SYS_TYPES_H 1
#define HAVE_SYS_STAT_H 1
#define HAVE_STDLIB_H 1
#define HAVE_STRING_H 1
#define HAVE_MEMORY_H 1
#define HAVE_STRINGS_H 1
#define HAVE_INTTYPES_H 1
#define HAVE_STDINT_H 1
#define HAVE_UNISTD_H 1
#define HAVE_CSTDIO 1
#define HAVE_CERRNO 1
#define HAVE_CWCHAR 1
#define HAVE_CSTRING 1
#define HAVE_CASSERT 1
#define HAVE_SSTREAM 1
#define HAVE_CSTDLIB 1
#define HAVE_CSIGNAL 1
#define HAVE_ERROR_H 1
#define HAVE_UNISTD_H 1
#define HAVE_GETOPT_H 1
#define HAVE_SYS_FILE_H 1
#define HAVE_SYS_STAT_H 1
#define HAVE_LINUX_INPUT_H 1
#define HAVE_STDBOOL_H 1
#define HAVE_FORK 1
#define HAVE_VFORK 1
#define HAVE_WORKING_VFORK 1
#define HAVE_WORKING_FORK 1
#define HAVE_GETEUID 1
#define HAVE_ERROR 1
#define HAVE_ERROR_AT_LINE 1
#define HAVE_EXIT 1
#define HAVE_ON_EXIT 1
#define HAVE_MEMSET 1
#define HAVE_SETLOCALE 1
#define HAVE_STRERROR 1
#define HAVE_FPRINTF 1
#define HAVE_GETOPT_LONG 1
#define HAVE_FOPEN 1
#define HAVE_SSCANF 1
#define HAVE_FSCANF 1
#define HAVE_GETPID 1
#define HAVE_GETUID 1
#define HAVE_GETGID 1
#define HAVE_FCLOSE 1
#define HAVE_REMOVE 1
#define HAVE_KILL 1
#define HAVE_STRLEN 1
#define HAVE_STRCAT 1
#define HAVE_STRCPY 1
#define HAVE_STRNCAT 1
#define HAVE_FREOPEN 1
#define HAVE_FEOF 1
#define HAVE_FGETS 1
#define HAVE_ATOI 1
#define HAVE_SIGACTION 1
#define HAVE_FORK 1
#define HAVE_SETSID 1
#define HAVE_OPEN 1
#define HAVE_CLOSE 1
#define HAVE_FLOCK 1
#define HAVE_WRITE 1
#define HAVE_UMASK 1
#define HAVE_SETEGID 1
#define HAVE_SETEUID 1
#define HAVE_STRFTIME 1
#define HAVE_LOCALTIME 1
#define HAVE_FFLUSH 1
#define HAVE_READ 1
#define HAVE_TIME 1
#define HAVE_FGETWS 1
#define HAVE_WCSLEN 1
#define HAVE_SWSCANF 1
#define HAVE_WCSCPY 1
#define HAVE_POPEN 1
#define HAVE_PCLOSE 1

configure: exit 0

## ---------------------- ##
## Running config.status. ##
## ---------------------- ##

This file was extended by logkeys config.status 0.1.1b-svn, which was
generated by GNU Autoconf 2.68.  Invocation command line was

  CONFIG_FILES    = 
  CONFIG_HEADERS  = 
  CONFIG_LINKS    = 
  CONFIG_COMMANDS = 
  $ ./config.status 

on ennius

config.status:938: creating Makefile
config.status:938: creating src/Makefile
config.status:938: creating man/Makefile
config.status:938: creating scripts/Makefile
config.status:938: creating config.h
config.status:1119: config.h is unchanged
config.status:1167: executing depfiles commands

## ---------------------- ##
## Running config.status. ##
## ---------------------- ##

This file was extended by logkeys config.status 0.1.1b-svn, which was
generated by GNU Autoconf 2.68.  Invocation command line was

  CONFIG_FILES    = 
  CONFIG_HEADERS  = 
  CONFIG_LINKS    = 
  CONFIG_COMMANDS = 
  $ ./config.status config.h

on ennius

config.status:938: creating config.h
config.status:1119: config.h is unchanged
